<?xml version="1.0" encoding="UTF-8"?>
<!-- Generated by org.testng.reporters.JUnitReportReporter -->
<testsuite skipped="0" hostname="ip-172-31-32-197" name="com.webapp.test.amazon.AmazonSearchTest" tests="2" failures="0" timestamp="2021-10-29T12:24:37 UTC" time="10.228" errors="0">
  <testcase name="testSearch1" time="5.276" classname="com.webapp.test.amazon.AmazonSearchTest"/>
  <system-out/>
  <testcase name="testSearch2" time="4.952" classname="com.webapp.test.amazon.AmazonSearchTest"/>
  <system-out/>
</testsuite> <!-- com.webapp.test.amazon.AmazonSearchTest -->
