<?xml version="1.0" encoding="UTF-8"?>
<!-- Generated by org.testng.reporters.JUnitReportReporter -->
<testsuite skipped="0" hostname="ip-172-31-32-197" name="com.webapp.test.amazon.FacbookLoginTest" tests="2" failures="0" timestamp="2021-10-29T11:22:22 UTC" time="4.162" errors="0">
  <testcase name="testFacebookloginTest" time="2.685" classname="com.webapp.test.amazon.FacbookLoginTest"/>
  <system-out/>
  <testcase name="testFacebookHomePage" time="1.477" classname="com.webapp.test.amazon.FacbookLoginTest"/>
  <system-out/>
</testsuite> <!-- com.webapp.test.amazon.FacbookLoginTest -->
