<?xml version="1.0" encoding="UTF-8"?>
<!-- Generated by org.testng.reporters.JUnitReportReporter -->
<testsuite skipped="0" hostname="ip-172-31-32-197" name="com.webapp.test.TestNgStandardAnnotatedMethods" tests="3" failures="0" timestamp="2021-10-29T11:09:41 UTC" time="0.011" errors="0">
  <testcase name="testOne" time="0.008" classname="com.webapp.test.TestNgStandardAnnotatedMethods"/>
  <system-out/>
  <testcase name="testTwo" time="0.001" classname="com.webapp.test.TestNgStandardAnnotatedMethods"/>
  <system-out/>
  <testcase name="testThree" time="0.002" classname="com.webapp.test.TestNgStandardAnnotatedMethods"/>
  <system-out/>
</testsuite> <!-- com.webapp.test.TestNgStandardAnnotatedMethods -->
