<?xml version="1.0" encoding="UTF-8"?>
<!-- Generated by org.testng.reporters.JUnitReportReporter -->
<testsuite skipped="0" hostname="ip-172-31-32-197" name="com.webapp.test.group.BrowserSpecificGroupTest" tests="7" failures="0" timestamp="2021-10-29T12:24:37 UTC" time="16.206" errors="0">
  <testcase name="lauchChromeTest" time="2.267" classname="com.webapp.test.group.BrowserSpecificGroupTest"/>
  <system-out/>
  <testcase name="testFacebookHomePage" time="3.462" classname="com.webapp.test.group.BrowserSpecificGroupTest"/>
  <system-out/>
  <testcase name="testAmazonHomepage" time="0.066" classname="com.webapp.test.group.BrowserSpecificGroupTest"/>
  <system-out/>
  <testcase name="lauchFireFoxTest" time="4.275" classname="com.webapp.test.group.BrowserSpecificGroupTest"/>
  <system-out/>
  <testcase name="testHompageSource" time="0.006" classname="com.webapp.test.group.BrowserSpecificGroupTest"/>
  <system-out/>
  <testcase name="testFacebookloginTest" time="3.806" classname="com.webapp.test.group.BrowserSpecificGroupTest"/>
  <system-out/>
  <testcase name="testSearch1" time="2.324" classname="com.webapp.test.group.BrowserSpecificGroupTest"/>
  <system-out/>
</testsuite> <!-- com.webapp.test.group.BrowserSpecificGroupTest -->
