<?xml version="1.0" encoding="UTF-8"?>
<!-- Generated by org.testng.reporters.JUnitReportReporter -->
<testsuite skipped="0" hostname="ip-172-31-32-197" name="com.webapp.test.facebook.FacbookLoginTest" tests="2" failures="0" timestamp="2021-10-29T12:24:37 UTC" time="3.219" errors="0">
  <testcase name="testFacebookloginTest" time="1.776" classname="com.webapp.test.facebook.FacbookLoginTest"/>
  <system-out/>
  <testcase name="testFacebookHomePage" time="1.443" classname="com.webapp.test.facebook.FacbookLoginTest"/>
  <system-out/>
</testsuite> <!-- com.webapp.test.facebook.FacbookLoginTest -->
