<?xml version="1.0" encoding="UTF-8"?>
<!-- Generated by org.testng.reporters.JUnitReportReporter -->
<testsuite skipped="0" hostname="ip-172-31-32-197" name="com.webapp.test.amazon.AmazonHompageTest" tests="2" failures="0" timestamp="2021-10-29T12:24:37 UTC" time="7.405" errors="0">
  <testcase name="testHompageSource" time="4.391" classname="com.webapp.test.amazon.AmazonHompageTest"/>
  <system-out/>
  <testcase name="testAmazonHomepage" time="3.014" classname="com.webapp.test.amazon.AmazonHompageTest"/>
  <system-out/>
</testsuite> <!-- com.webapp.test.amazon.AmazonHompageTest -->
