<?xml version="1.0" encoding="UTF-8"?>
<!-- Generated by org.testng.reporters.JUnitReportReporter -->
<testsuite skipped="0" hostname="ip-172-31-32-197" name="com.webapp.test.AmazonHompageTest" tests="2" failures="0" timestamp="2021-10-29T11:16:53 UTC" time="6.190" errors="0">
  <testcase name="testAmazonHomepage" time="3.506" classname="com.webapp.test.AmazonHompageTest"/>
  <system-out/>
  <testcase name="testHompageSource" time="2.684" classname="com.webapp.test.AmazonHompageTest"/>
  <system-out/>
</testsuite> <!-- com.webapp.test.AmazonHompageTest -->
